<?xml version="1.0" encoding="UTF-8"?>
<!-- Generated by org.testng.reporters.JUnitXMLReporter -->
<testsuite ignored="0" hostname="DEEPAK" failures="0" tests="3" name="Default test" time="0.102" errors="0" timestamp="2025-12-02T11:05:16 IST">
  <testcase classname="testng_scripts.Annotation" name="addCustomer" time="0.011"/>
  <testcase classname="testng_scripts.Annotation" name="createCustomer" time="0.002"/>
  <testcase classname="testng_scripts.Annotation" name="deleteCustomer" time="0.004"/>
</testsuite> <!-- Default test -->
