<?xml version="1.0" encoding="UTF-8"?>
<!-- Generated by org.testng.reporters.JUnitXMLReporter -->
<testsuite ignored="0" hostname="DEEPAK" failures="0" tests="6" name="Default test" time="0.135" errors="0" timestamp="2025-11-29T10:31:43 IST">
  <testcase classname="testng_scripts.CreateCustomer" name="addCustomer" time="0.015"/>
  <testcase classname="testng_scripts.CreateCustomer" name="createCustomer" time="0.004"/>
  <testcase classname="testng_scripts.CreateCustomer" name="updateCustomer" time="0.003"/>
  <testcase classname="testng_scripts.CreateCustomer" name="updateCustomer" time="0.002"/>
  <testcase classname="testng_scripts.CreateCustomer" name="updateCustomer" time="0.004"/>
  <testcase classname="testng_scripts.CreateCustomer" name="deleteCustomer" time="0.004"/>
</testsuite> <!-- Default test -->
