<?xml version="1.0" encoding="UTF-8"?>
<!-- Generated by org.testng.reporters.JUnitXMLReporter -->
<testsuite ignored="0" hostname="DEEPAK" failures="0" tests="6" name="Test 5" time="64.635" errors="0" timestamp="2025-12-11T11:43:05 IST">
  <testcase classname="testng_scripts.ModifyCustomer" name="addCustomer" time="9.827"/>
  <testcase classname="testng_scripts.ModifyCustomer" name="createCustomer" time="6.892"/>
  <testcase classname="testng_scripts.ModifyCustomer" name="updateCustomer" time="10.814"/>
  <testcase classname="testng_scripts.ModifyCustomer" name="updateCustomer" time="14.346"/>
  <testcase classname="testng_scripts.ModifyCustomer" name="updateCustomer" time="9.94"/>
  <testcase classname="testng_scripts.ModifyCustomer" name="deleteCustomer" time="12.695"/>
</testsuite> <!-- Test 5 -->
