<?xml version="1.0" encoding="UTF-8"?>
<!-- Generated by org.testng.reporters.JUnitXMLReporter -->
<testsuite ignored="0" hostname="DEEPAK" failures="0" tests="6" name="Test 1" time="65.31" errors="0" timestamp="2025-12-11T11:43:05 IST">
  <testcase classname="testng_scripts.AddCustomer" name="addCustomer" time="9.71"/>
  <testcase classname="testng_scripts.AddCustomer" name="createCustomer" time="7.391"/>
  <testcase classname="testng_scripts.AddCustomer" name="updateCustomer" time="14.477"/>
  <testcase classname="testng_scripts.AddCustomer" name="updateCustomer" time="10.109"/>
  <testcase classname="testng_scripts.AddCustomer" name="updateCustomer" time="11.099"/>
  <testcase classname="testng_scripts.AddCustomer" name="deleteCustomer" time="12.407"/>
</testsuite> <!-- Test 1 -->
