<?xml version="1.0" encoding="UTF-8"?>
<!-- Generated by org.testng.reporters.JUnitXMLReporter -->
<testsuite ignored="0" hostname="DEEPAK" failures="0" tests="6" name="Test 3" time="61.211" errors="0" timestamp="2025-12-11T11:43:01 IST">
  <testcase classname="testng_scripts.DeleteCustomer" name="addCustomer" time="13.994"/>
  <testcase classname="testng_scripts.DeleteCustomer" name="createCustomer" time="6.18"/>
  <testcase classname="testng_scripts.DeleteCustomer" name="updateCustomer" time="15.872"/>
  <testcase classname="testng_scripts.DeleteCustomer" name="updateCustomer" time="14.928"/>
  <testcase classname="testng_scripts.DeleteCustomer" name="updateCustomer" time="5.378"/>
  <testcase classname="testng_scripts.DeleteCustomer" name="deleteCustomer" time="4.75"/>
</testsuite> <!-- Test 3 -->
