<?xml version="1.0" encoding="UTF-8"?>
<!-- Generated by org.testng.reporters.JUnitXMLReporter -->
<testsuite ignored="0" hostname="DEEPAK" failures="0" tests="6" name="Test 4" time="53.908" errors="0" timestamp="2025-12-11T19:03:02 IST">
  <testcase classname="testng_scripts.CreateCustomer" name="addCustomer" time="13.452"/>
  <testcase classname="testng_scripts.CreateCustomer" name="createCustomer" time="8.156"/>
  <testcase classname="testng_scripts.CreateCustomer" name="updateCustomer" time="8.442"/>
  <testcase classname="testng_scripts.CreateCustomer" name="updateCustomer" time="11.153"/>
  <testcase classname="testng_scripts.CreateCustomer" name="updateCustomer" time="7.438"/>
  <testcase classname="testng_scripts.CreateCustomer" name="deleteCustomer" time="5.179"/>
</testsuite> <!-- Test 4 -->
