<?xml version="1.0" encoding="UTF-8"?>
<!-- Generated by org.testng.reporters.JUnitXMLReporter -->
<testsuite ignored="0" hostname="DEEPAK" failures="0" tests="6" name="Test 2" time="52.299" errors="0" timestamp="2025-12-11T19:03:00 IST">
  <testcase classname="testng_scripts.UpdateCustomer" name="addCustomer" time="9.602"/>
  <testcase classname="testng_scripts.UpdateCustomer" name="createCustomer" time="5.867"/>
  <testcase classname="testng_scripts.UpdateCustomer" name="updateCustomer" time="6.376"/>
  <testcase classname="testng_scripts.UpdateCustomer" name="updateCustomer" time="14.035"/>
  <testcase classname="testng_scripts.UpdateCustomer" name="updateCustomer" time="9.674"/>
  <testcase classname="testng_scripts.UpdateCustomer" name="deleteCustomer" time="6.642"/>
</testsuite> <!-- Test 2 -->
