<?xml version="1.0" encoding="UTF-8"?>
<!-- Generated by org.testng.reporters.JUnitXMLReporter -->
<testsuite ignored="0" hostname="DEEPAK" failures="0" tests="6" name="Test 3" time="52.086" errors="0" timestamp="2025-12-11T19:03:00 IST">
  <testcase classname="testng_scripts.DeleteCustomer" name="addCustomer" time="9.295"/>
  <testcase classname="testng_scripts.DeleteCustomer" name="createCustomer" time="6.033"/>
  <testcase classname="testng_scripts.DeleteCustomer" name="updateCustomer" time="10.293"/>
  <testcase classname="testng_scripts.DeleteCustomer" name="updateCustomer" time="10.875"/>
  <testcase classname="testng_scripts.DeleteCustomer" name="updateCustomer" time="9.191"/>
  <testcase classname="testng_scripts.DeleteCustomer" name="deleteCustomer" time="6.304"/>
</testsuite> <!-- Test 3 -->
