<?xml version="1.0" encoding="UTF-8"?>
<!-- Generated by org.testng.reporters.JUnitXMLReporter -->
<testsuite ignored="8" hostname="DEEPAK" failures="0" tests="8" name="Test" time="0.118" errors="0" timestamp="2025-12-01T19:23:39 IST">
  <testcase classname="testng_scripts.AddCustomer" name="addCustomer" time="0.018"/>
  <testcase classname="testng_scripts.AddCustomer" name="deleteCustomer" time="0.002"/>
  <testcase classname="testng_scripts.UpdateCustomer" name="addCustomer" time="0.006"/>
  <testcase classname="testng_scripts.UpdateCustomer" name="deleteCustomer" time="0.002"/>
  <testcase classname="testng_scripts.DeleteCustomer" name="addCustomer" time="0.002"/>
  <testcase classname="testng_scripts.DeleteCustomer" name="deleteCustomer" time="0.002"/>
  <testcase classname="testng_scripts.CreateCustomer" name="addCustomer" time="0.002"/>
  <testcase classname="testng_scripts.CreateCustomer" name="deleteCustomer" time="0.001"/>
  <testcase classname="testng_scripts.UpdateCustomer" name="updateCustomer" time="0.0">
    <ignored/>
  </testcase> <!-- updateCustomer -->
  <testcase classname="testng_scripts.CreateCustomer" name="createCustomer" time="0.0">
    <ignored/>
  </testcase> <!-- createCustomer -->
  <testcase classname="testng_scripts.DeleteCustomer" name="createCustomer" time="0.0">
    <ignored/>
  </testcase> <!-- createCustomer -->
  <testcase classname="testng_scripts.AddCustomer" name="createCustomer" time="0.0">
    <ignored/>
  </testcase> <!-- createCustomer -->
  <testcase classname="testng_scripts.AddCustomer" name="updateCustomer" time="0.0">
    <ignored/>
  </testcase> <!-- updateCustomer -->
  <testcase classname="testng_scripts.CreateCustomer" name="updateCustomer" time="0.0">
    <ignored/>
  </testcase> <!-- updateCustomer -->
  <testcase classname="testng_scripts.UpdateCustomer" name="createCustomer" time="0.0">
    <ignored/>
  </testcase> <!-- createCustomer -->
  <testcase classname="testng_scripts.DeleteCustomer" name="updateCustomer" time="0.0">
    <ignored/>
  </testcase> <!-- updateCustomer -->
</testsuite> <!-- Test -->
