<?xml version="1.0" encoding="UTF-8"?>
<!-- Generated by org.testng.reporters.JUnitXMLReporter -->
<testsuite ignored="0" hostname="DEEPAK" failures="0" tests="6" name="Test 2" time="51.047" errors="0" timestamp="2025-12-11T11:42:51 IST">
  <testcase classname="testng_scripts.UpdateCustomer" name="addCustomer" time="9.703"/>
  <testcase classname="testng_scripts.UpdateCustomer" name="createCustomer" time="7.359"/>
  <testcase classname="testng_scripts.UpdateCustomer" name="updateCustomer" time="8.46"/>
  <testcase classname="testng_scripts.UpdateCustomer" name="updateCustomer" time="8.484"/>
  <testcase classname="testng_scripts.UpdateCustomer" name="updateCustomer" time="8.37"/>
  <testcase classname="testng_scripts.UpdateCustomer" name="deleteCustomer" time="8.523"/>
</testsuite> <!-- Test 2 -->
