<?xml version="1.0" encoding="UTF-8"?>
<!-- Generated by org.testng.reporters.JUnitXMLReporter -->
<testsuite ignored="0" hostname="DEEPAK" failures="0" tests="6" name="Test 4" time="60.861" errors="0" timestamp="2025-12-11T11:43:01 IST">
  <testcase classname="testng_scripts.CreateCustomer" name="addCustomer" time="14.121"/>
  <testcase classname="testng_scripts.CreateCustomer" name="createCustomer" time="10.003"/>
  <testcase classname="testng_scripts.CreateCustomer" name="updateCustomer" time="9.623"/>
  <testcase classname="testng_scripts.CreateCustomer" name="updateCustomer" time="10.685"/>
  <testcase classname="testng_scripts.CreateCustomer" name="updateCustomer" time="8.367"/>
  <testcase classname="testng_scripts.CreateCustomer" name="deleteCustomer" time="7.955"/>
</testsuite> <!-- Test 4 -->
