<?xml version="1.0" encoding="UTF-8"?>
<!-- Generated by org.testng.reporters.JUnitXMLReporter -->
<testsuite ignored="0" hostname="DEEPAK" failures="0" tests="6" name="Test 1" time="58.074" errors="0" timestamp="2025-12-11T19:03:06 IST">
  <testcase classname="testng_scripts.AddCustomer" name="addCustomer" time="10.154"/>
  <testcase classname="testng_scripts.AddCustomer" name="createCustomer" time="7.364"/>
  <testcase classname="testng_scripts.AddCustomer" name="updateCustomer" time="11.477"/>
  <testcase classname="testng_scripts.AddCustomer" name="updateCustomer" time="6.855"/>
  <testcase classname="testng_scripts.AddCustomer" name="updateCustomer" time="10.128"/>
  <testcase classname="testng_scripts.AddCustomer" name="deleteCustomer" time="11.996"/>
</testsuite> <!-- Test 1 -->
