<?xml version="1.0" encoding="UTF-8"?>
<!-- Generated by org.testng.reporters.JUnitXMLReporter -->
<testsuite ignored="0" hostname="DEEPAK" failures="0" tests="6" name="Test 5" time="61.487" errors="0" timestamp="2025-12-11T19:03:09 IST">
  <testcase classname="testng_scripts.ModifyCustomer" name="addCustomer" time="10.212"/>
  <testcase classname="testng_scripts.ModifyCustomer" name="createCustomer" time="7.24"/>
  <testcase classname="testng_scripts.ModifyCustomer" name="updateCustomer" time="11.942"/>
  <testcase classname="testng_scripts.ModifyCustomer" name="updateCustomer" time="11.653"/>
  <testcase classname="testng_scripts.ModifyCustomer" name="updateCustomer" time="9.14"/>
  <testcase classname="testng_scripts.ModifyCustomer" name="deleteCustomer" time="11.204"/>
</testsuite> <!-- Test 5 -->
