<?xml version="1.0" encoding="UTF-8"?>
<testng-results ignored="0" total="6" passed="6" failed="0" skipped="0">
  <reporter-output>
  </reporter-output>
  <suite started-at="2025-12-28T12:18:16 IST" name="Default suite" finished-at="2025-12-28T12:18:17 IST" duration-ms="939">
    <groups>
    </groups>
    <test started-at="2025-12-28T12:18:16 IST" name="Default test" finished-at="2025-12-28T12:18:17 IST" duration-ms="939">
      <class name="DataProvider.DataProviderUtil">
        <test-method signature="customerdata(java.lang.String,java.lang.String,java.lang.String)[pri:0, instance:DataProvider.DataProviderUtil@3eb738bb]" started-at="2025-12-28T12:18:17 IST" name="customerdata" data-provider="readCustomer" finished-at="2025-12-28T12:18:17 IST" duration-ms="12" status="PASS">
          <params>
            <param index="0">
              <value>
                <![CDATA[Rahul Sharma]]>
              </value>
            </param>
            <param index="1">
              <value>
                <![CDATA[Requested product details]]>
              </value>
            </param>
            <param index="2">
              <value>
                <![CDATA[Pending]]>
              </value>
            </param>
          </params>
          <reporter-output>
          </reporter-output>
        </test-method> <!-- customerdata -->
        <test-method signature="customerdata(java.lang.String,java.lang.String,java.lang.String)[pri:0, instance:DataProvider.DataProviderUtil@3eb738bb]" started-at="2025-12-28T12:18:17 IST" name="customerdata" data-provider="readCustomer" finished-at="2025-12-28T12:18:17 IST" duration-ms="2" status="PASS">
          <params>
            <param index="0">
              <value>
                <![CDATA[Anjana Singh]]>
              </value>
            </param>
            <param index="1">
              <value>
                <![CDATA[Issue with last order]]>
              </value>
            </param>
            <param index="2">
              <value>
                <![CDATA[In Progress]]>
              </value>
            </param>
          </params>
          <reporter-output>
          </reporter-output>
        </test-method> <!-- customerdata -->
        <test-method signature="customerdata(java.lang.String,java.lang.String,java.lang.String)[pri:0, instance:DataProvider.DataProviderUtil@3eb738bb]" started-at="2025-12-28T12:18:17 IST" name="customerdata" data-provider="readCustomer" finished-at="2025-12-28T12:18:17 IST" duration-ms="2" status="PASS">
          <params>
            <param index="0">
              <value>
                <![CDATA[Mohit Kumar]]>
              </value>
            </param>
            <param index="1">
              <value>
                <![CDATA[New service registration]]>
              </value>
            </param>
            <param index="2">
              <value>
                <![CDATA[Completed]]>
              </value>
            </param>
          </params>
          <reporter-output>
          </reporter-output>
        </test-method> <!-- customerdata -->
        <test-method signature="customerdata(java.lang.String,java.lang.String,java.lang.String)[pri:0, instance:DataProvider.DataProviderUtil@3eb738bb]" started-at="2025-12-28T12:18:17 IST" name="customerdata" data-provider="readCustomer" finished-at="2025-12-28T12:18:17 IST" duration-ms="2" status="PASS">
          <params>
            <param index="0">
              <value>
                <![CDATA[Priya Singh]]>
              </value>
            </param>
            <param index="1">
              <value>
                <![CDATA[Complaint about delivery delay]]>
              </value>
            </param>
            <param index="2">
              <value>
                <![CDATA[Pending]]>
              </value>
            </param>
          </params>
          <reporter-output>
          </reporter-output>
        </test-method> <!-- customerdata -->
        <test-method signature="customerdata(java.lang.String,java.lang.String,java.lang.String)[pri:0, instance:DataProvider.DataProviderUtil@3eb738bb]" started-at="2025-12-28T12:18:17 IST" name="customerdata" data-provider="readCustomer" finished-at="2025-12-28T12:18:17 IST" duration-ms="1" status="PASS">
          <params>
            <param index="0">
              <value>
                <![CDATA[Karan Patel]]>
              </value>
            </param>
            <param index="1">
              <value>
                <![CDATA[Follow-up regarding refund request]]>
              </value>
            </param>
            <param index="2">
              <value>
                <![CDATA[Resolved]]>
              </value>
            </param>
          </params>
          <reporter-output>
          </reporter-output>
        </test-method> <!-- customerdata -->
        <test-method signature="customerdata(java.lang.String,java.lang.String,java.lang.String)[pri:0, instance:DataProvider.DataProviderUtil@3eb738bb]" started-at="2025-12-28T12:18:17 IST" name="customerdata" data-provider="readCustomer" finished-at="2025-12-28T12:18:17 IST" duration-ms="2" status="PASS">
          <params>
            <param index="0">
              <value>
                <![CDATA[Sneha Joshi]]>
              </value>
            </param>
            <param index="1">
              <value>
                <![CDATA[Asked for a quotation]]>
              </value>
            </param>
            <param index="2">
              <value>
                <![CDATA[In Progress]]>
              </value>
            </param>
          </params>
          <reporter-output>
          </reporter-output>
        </test-method> <!-- customerdata -->
      </class> <!-- DataProvider.DataProviderUtil -->
    </test> <!-- Default test -->
  </suite> <!-- Default suite -->
</testng-results>
