<?xml version="1.0" encoding="UTF-8"?>
<testng-results ignored="0" total="2" passed="2" failed="0" skipped="0">
  <reporter-output>
    <line>
      <![CDATA[database connected successfully]]>
    </line>
    <line>
      <![CDATA[browser launched]]>
    </line>
    <line>
      <![CDATA[logged in]]>
    </line>
    <line>
      <![CDATA[test 2]]>
    </line>
    <line>
      <![CDATA[logged out successfully]]>
    </line>
    <line>
      <![CDATA[logged in]]>
    </line>
    <line>
      <![CDATA[test 1]]>
    </line>
    <line>
      <![CDATA[logged out successfully]]>
    </line>
    <line>
      <![CDATA[browser closed]]>
    </line>
    <line>
      <![CDATA[database disconnected]]>
    </line>
  </reporter-output>
  <suite started-at="2025-12-05T11:48:21 IST" name="Suite" finished-at="2025-12-05T11:48:52 IST" duration-ms="30789">
    <groups>
    </groups>
    <test started-at="2025-12-05T11:48:21 IST" name="Test" finished-at="2025-12-05T11:48:52 IST" duration-ms="30789">
      <class name="testng_scripts.TestScriptForActitime">
        <test-method is-config="true" signature="connectToDatabase()[pri:0, instance:testng_scripts.TestScriptForActitime@158a8276]" started-at="2025-12-05T11:48:21 IST" name="connectToDatabase" finished-at="2025-12-05T11:48:21 IST" duration-ms="16" status="PASS">
          <reporter-output>
            <line>
              <![CDATA[database connected successfully]]>
            </line>
          </reporter-output>
        </test-method> <!-- connectToDatabase -->
        <test-method is-config="true" signature="launchBrowser(java.lang.String)[pri:0, instance:testng_scripts.TestScriptForActitime@158a8276]" started-at="2025-12-05T11:48:21 IST" name="launchBrowser" finished-at="2025-12-05T11:48:32 IST" duration-ms="10404" status="PASS">
          <params>
            <param index="0">
              <value>
                <![CDATA[chrome]]>
              </value>
            </param>
          </params>
          <reporter-output>
            <line>
              <![CDATA[browser launched]]>
            </line>
          </reporter-output>
        </test-method> <!-- launchBrowser -->
        <test-method is-config="true" signature="logInToActitime()[pri:0, instance:testng_scripts.TestScriptForActitime@158a8276]" started-at="2025-12-05T11:48:32 IST" name="logInToActitime" finished-at="2025-12-05T11:48:35 IST" duration-ms="3583" status="PASS">
          <reporter-output>
            <line>
              <![CDATA[logged in]]>
            </line>
          </reporter-output>
        </test-method> <!-- logInToActitime -->
        <test-method signature="addCustomer()[pri:0, instance:testng_scripts.TestScriptForActitime@158a8276]" started-at="2025-12-05T11:48:35 IST" name="addCustomer" finished-at="2025-12-05T11:48:43 IST" duration-ms="7059" status="PASS">
          <reporter-output>
            <line>
              <![CDATA[test 2]]>
            </line>
          </reporter-output>
        </test-method> <!-- addCustomer -->
        <test-method is-config="true" signature="logout()[pri:0, instance:testng_scripts.TestScriptForActitime@158a8276]" started-at="2025-12-05T11:48:43 IST" name="logout" finished-at="2025-12-05T11:48:44 IST" duration-ms="1156" status="PASS">
          <reporter-output>
            <line>
              <![CDATA[logged out successfully]]>
            </line>
          </reporter-output>
        </test-method> <!-- logout -->
        <test-method is-config="true" signature="logInToActitime()[pri:0, instance:testng_scripts.TestScriptForActitime@158a8276]" started-at="2025-12-05T11:48:44 IST" name="logInToActitime" finished-at="2025-12-05T11:48:47 IST" duration-ms="3456" status="PASS">
          <reporter-output>
            <line>
              <![CDATA[logged in]]>
            </line>
          </reporter-output>
        </test-method> <!-- logInToActitime -->
        <test-method signature="createCustomer()[pri:0, instance:testng_scripts.TestScriptForActitime@158a8276]" started-at="2025-12-05T11:48:47 IST" name="createCustomer" finished-at="2025-12-05T11:48:49 IST" duration-ms="2315" status="PASS">
          <reporter-output>
            <line>
              <![CDATA[test 1]]>
            </line>
          </reporter-output>
        </test-method> <!-- createCustomer -->
        <test-method is-config="true" signature="logout()[pri:0, instance:testng_scripts.TestScriptForActitime@158a8276]" started-at="2025-12-05T11:48:49 IST" name="logout" finished-at="2025-12-05T11:48:52 IST" duration-ms="2338" status="PASS">
          <reporter-output>
            <line>
              <![CDATA[logged out successfully]]>
            </line>
          </reporter-output>
        </test-method> <!-- logout -->
        <test-method is-config="true" signature="closeBrowser()[pri:0, instance:testng_scripts.TestScriptForActitime@158a8276]" started-at="2025-12-05T11:48:52 IST" name="closeBrowser" finished-at="2025-12-05T11:48:52 IST" duration-ms="390" status="PASS">
          <reporter-output>
            <line>
              <![CDATA[browser closed]]>
            </line>
          </reporter-output>
        </test-method> <!-- closeBrowser -->
        <test-method is-config="true" signature="disconnectFromDatabase()[pri:0, instance:testng_scripts.TestScriptForActitime@158a8276]" started-at="2025-12-05T11:48:52 IST" name="disconnectFromDatabase" finished-at="2025-12-05T11:48:52 IST" duration-ms="1" status="PASS">
          <reporter-output>
            <line>
              <![CDATA[database disconnected]]>
            </line>
          </reporter-output>
        </test-method> <!-- disconnectFromDatabase -->
      </class> <!-- testng_scripts.TestScriptForActitime -->
    </test> <!-- Test -->
  </suite> <!-- Suite -->
</testng-results>
