<?xml version="1.0" encoding="UTF-8"?>
<testng-results ignored="0" total="1" passed="1" failed="0" skipped="0">
  <reporter-output>
  </reporter-output>
  <suite started-at="2025-12-13T10:51:49 IST" name="Default suite" finished-at="2025-12-13T10:51:57 IST" duration-ms="8738">
    <groups>
    </groups>
    <test started-at="2025-12-13T10:51:49 IST" name="Default test" finished-at="2025-12-13T10:51:57 IST" duration-ms="8738">
      <class name="POM.StaleElement">
        <test-method signature="facebook()[pri:0, instance:POM.StaleElement@4b2bac3f]" started-at="2025-12-13T10:51:49 IST" name="facebook" finished-at="2025-12-13T10:51:57 IST" duration-ms="8644" status="PASS">
          <reporter-output>
          </reporter-output>
        </test-method> <!-- facebook -->
      </class> <!-- POM.StaleElement -->
    </test> <!-- Default test -->
  </suite> <!-- Default suite -->
</testng-results>
