<?xml version="1.0" encoding="UTF-8"?>
<testng-results ignored="0" total="1" passed="1" failed="0" skipped="0">
  <reporter-output>
    <line>
      <![CDATA[reporter...]]>
    </line>
    <line>
      <![CDATA[reporter...]]>
    </line>
    <line>
      <![CDATA[reporter...]]>
    </line>
  </reporter-output>
  <suite started-at="2025-11-29T09:28:23 IST" name="Default suite" finished-at="2025-11-29T09:28:23 IST" duration-ms="77">
    <groups>
    </groups>
    <test started-at="2025-11-29T09:28:23 IST" name="Default test" finished-at="2025-11-29T09:28:23 IST" duration-ms="77">
      <class name="testng_scripts.CreateCustomer">
        <test-method signature="createCustomer()[pri:0, instance:testng_scripts.CreateCustomer@4c12331b]" started-at="2025-11-29T09:28:23 IST" name="createCustomer" finished-at="2025-11-29T09:28:23 IST" duration-ms="13" status="PASS">
          <reporter-output>
            <line>
              <![CDATA[reporter...]]>
            </line>
            <line>
              <![CDATA[reporter...]]>
            </line>
            <line>
              <![CDATA[reporter...]]>
            </line>
          </reporter-output>
        </test-method> <!-- createCustomer -->
      </class> <!-- testng_scripts.CreateCustomer -->
    </test> <!-- Default test -->
  </suite> <!-- Default suite -->
</testng-results>
