<?xml version="1.0" encoding="UTF-8"?>
<testng-results ignored="0" total="1" passed="1" failed="0" skipped="0">
  <reporter-output>
  </reporter-output>
  <suite started-at="2025-12-15T13:02:12 IST" name="Default suite" finished-at="2025-12-15T13:02:13 IST" duration-ms="1085">
    <groups>
    </groups>
    <test started-at="2025-12-15T13:02:12 IST" name="Default test" finished-at="2025-12-15T13:02:13 IST" duration-ms="1085">
      <class name="Practice.ExcelUtil">
        <test-method signature="readExcelFile()[pri:0, instance:Practice.ExcelUtil@79079097]" started-at="2025-12-15T13:02:12 IST" name="readExcelFile" finished-at="2025-12-15T13:02:13 IST" duration-ms="1029" status="PASS">
          <reporter-output>
          </reporter-output>
        </test-method> <!-- readExcelFile -->
      </class> <!-- Practice.ExcelUtil -->
    </test> <!-- Default test -->
  </suite> <!-- Default suite -->
</testng-results>
