<?xml version="1.0" encoding="UTF-8"?>
<testng-results ignored="0" total="30" passed="30" failed="0" skipped="0">
  <reporter-output>
    <line>
      <![CDATA[added Customer]]>
    </line>
    <line>
      <![CDATA[added Customer]]>
    </line>
    <line>
      <![CDATA[added Customer]]>
    </line>
    <line>
      <![CDATA[added Customer]]>
    </line>
    <line>
      <![CDATA[added Customer]]>
    </line>
    <line>
      <![CDATA[created Customer]]>
    </line>
    <line>
      <![CDATA[created Customer]]>
    </line>
    <line>
      <![CDATA[created Customer]]>
    </line>
    <line>
      <![CDATA[created Customer]]>
    </line>
    <line>
      <![CDATA[created Customer]]>
    </line>
    <line>
      <![CDATA[updated Customer]]>
    </line>
    <line>
      <![CDATA[updated Customer]]>
    </line>
    <line>
      <![CDATA[updated Customer]]>
    </line>
    <line>
      <![CDATA[updated Customer]]>
    </line>
    <line>
      <![CDATA[updated Customer]]>
    </line>
    <line>
      <![CDATA[updated Customer]]>
    </line>
    <line>
      <![CDATA[updated Customer]]>
    </line>
    <line>
      <![CDATA[updated Customer]]>
    </line>
    <line>
      <![CDATA[updated Customer]]>
    </line>
    <line>
      <![CDATA[updated Customer]]>
    </line>
    <line>
      <![CDATA[deleted Customer]]>
    </line>
    <line>
      <![CDATA[updated Customer]]>
    </line>
    <line>
      <![CDATA[updated Customer]]>
    </line>
    <line>
      <![CDATA[updated Customer]]>
    </line>
    <line>
      <![CDATA[updated Customer]]>
    </line>
    <line>
      <![CDATA[updated Customer]]>
    </line>
    <line>
      <![CDATA[deleted Customer]]>
    </line>
    <line>
      <![CDATA[deleted Customer]]>
    </line>
    <line>
      <![CDATA[deleted Customer]]>
    </line>
    <line>
      <![CDATA[deleted Customer]]>
    </line>
  </reporter-output>
  <suite started-at="2025-12-11T11:42:00 IST" name="Suite" finished-at="2025-12-11T11:43:05 IST" duration-ms="65310">
    <groups>
      <group name="regression">
        <method signature="AddCustomer.addCustomer()[pri:1, instance:testng_scripts.AddCustomer@179ece50]" name="addCustomer" class="testng_scripts.AddCustomer"/>
        <method signature="AddCustomer.deleteCustomer()[pri:4, instance:testng_scripts.AddCustomer@179ece50]" name="deleteCustomer" class="testng_scripts.AddCustomer"/>
        <method signature="UpdateCustomer.addCustomer()[pri:1, instance:testng_scripts.UpdateCustomer@757277dc]" name="addCustomer" class="testng_scripts.UpdateCustomer"/>
        <method signature="UpdateCustomer.deleteCustomer()[pri:4, instance:testng_scripts.UpdateCustomer@757277dc]" name="deleteCustomer" class="testng_scripts.UpdateCustomer"/>
        <method signature="DeleteCustomer.addCustomer()[pri:1, instance:testng_scripts.DeleteCustomer@6aaceffd]" name="addCustomer" class="testng_scripts.DeleteCustomer"/>
        <method signature="DeleteCustomer.deleteCustomer()[pri:4, instance:testng_scripts.DeleteCustomer@6aaceffd]" name="deleteCustomer" class="testng_scripts.DeleteCustomer"/>
        <method signature="CreateCustomer.addCustomer()[pri:1, instance:testng_scripts.CreateCustomer@ed7f8b4]" name="addCustomer" class="testng_scripts.CreateCustomer"/>
        <method signature="CreateCustomer.deleteCustomer()[pri:4, instance:testng_scripts.CreateCustomer@ed7f8b4]" name="deleteCustomer" class="testng_scripts.CreateCustomer"/>
        <method signature="ModifyCustomer.addCustomer()[pri:1, instance:testng_scripts.ModifyCustomer@4e3958e7]" name="addCustomer" class="testng_scripts.ModifyCustomer"/>
        <method signature="ModifyCustomer.deleteCustomer()[pri:4, instance:testng_scripts.ModifyCustomer@4e3958e7]" name="deleteCustomer" class="testng_scripts.ModifyCustomer"/>
      </group> <!-- regression -->
      <group name="smoke">
        <method signature="AddCustomer.addCustomer()[pri:1, instance:testng_scripts.AddCustomer@179ece50]" name="addCustomer" class="testng_scripts.AddCustomer"/>
        <method signature="AddCustomer.createCustomer()[pri:2, instance:testng_scripts.AddCustomer@179ece50]" name="createCustomer" class="testng_scripts.AddCustomer"/>
        <method signature="UpdateCustomer.addCustomer()[pri:1, instance:testng_scripts.UpdateCustomer@757277dc]" name="addCustomer" class="testng_scripts.UpdateCustomer"/>
        <method signature="UpdateCustomer.createCustomer()[pri:2, instance:testng_scripts.UpdateCustomer@757277dc]" name="createCustomer" class="testng_scripts.UpdateCustomer"/>
        <method signature="DeleteCustomer.addCustomer()[pri:1, instance:testng_scripts.DeleteCustomer@6aaceffd]" name="addCustomer" class="testng_scripts.DeleteCustomer"/>
        <method signature="DeleteCustomer.createCustomer()[pri:2, instance:testng_scripts.DeleteCustomer@6aaceffd]" name="createCustomer" class="testng_scripts.DeleteCustomer"/>
        <method signature="CreateCustomer.addCustomer()[pri:1, instance:testng_scripts.CreateCustomer@ed7f8b4]" name="addCustomer" class="testng_scripts.CreateCustomer"/>
        <method signature="CreateCustomer.createCustomer()[pri:2, instance:testng_scripts.CreateCustomer@ed7f8b4]" name="createCustomer" class="testng_scripts.CreateCustomer"/>
        <method signature="ModifyCustomer.addCustomer()[pri:1, instance:testng_scripts.ModifyCustomer@4e3958e7]" name="addCustomer" class="testng_scripts.ModifyCustomer"/>
        <method signature="ModifyCustomer.createCustomer()[pri:2, instance:testng_scripts.ModifyCustomer@4e3958e7]" name="createCustomer" class="testng_scripts.ModifyCustomer"/>
      </group> <!-- smoke -->
      <group name="functionality">
        <method signature="AddCustomer.updateCustomer()[pri:3, instance:testng_scripts.AddCustomer@179ece50]" name="updateCustomer" class="testng_scripts.AddCustomer"/>
        <method signature="UpdateCustomer.updateCustomer()[pri:3, instance:testng_scripts.UpdateCustomer@757277dc]" name="updateCustomer" class="testng_scripts.UpdateCustomer"/>
        <method signature="DeleteCustomer.updateCustomer()[pri:3, instance:testng_scripts.DeleteCustomer@6aaceffd]" name="updateCustomer" class="testng_scripts.DeleteCustomer"/>
        <method signature="CreateCustomer.updateCustomer()[pri:3, instance:testng_scripts.CreateCustomer@ed7f8b4]" name="updateCustomer" class="testng_scripts.CreateCustomer"/>
        <method signature="ModifyCustomer.updateCustomer()[pri:3, instance:testng_scripts.ModifyCustomer@4e3958e7]" name="updateCustomer" class="testng_scripts.ModifyCustomer"/>
      </group> <!-- functionality -->
    </groups>
    <test started-at="2025-12-11T11:42:00 IST" name="Test 2" finished-at="2025-12-11T11:42:51 IST" duration-ms="51047">
      <class name="testng_scripts.UpdateCustomer">
        <test-method signature="addCustomer()[pri:1, instance:testng_scripts.UpdateCustomer@757277dc]" started-at="2025-12-11T11:42:00 IST" name="addCustomer" finished-at="2025-12-11T11:42:10 IST" duration-ms="9703" status="PASS">
          <reporter-output>
            <line>
              <![CDATA[added Customer]]>
            </line>
          </reporter-output>
        </test-method> <!-- addCustomer -->
        <test-method signature="createCustomer()[pri:2, instance:testng_scripts.UpdateCustomer@757277dc]" started-at="2025-12-11T11:42:10 IST" name="createCustomer" finished-at="2025-12-11T11:42:17 IST" duration-ms="7359" status="PASS">
          <reporter-output>
            <line>
              <![CDATA[created Customer]]>
            </line>
          </reporter-output>
        </test-method> <!-- createCustomer -->
        <test-method signature="updateCustomer()[pri:3, instance:testng_scripts.UpdateCustomer@757277dc]" started-at="2025-12-11T11:42:17 IST" name="updateCustomer" finished-at="2025-12-11T11:42:26 IST" duration-ms="8460" status="PASS">
          <reporter-output>
            <line>
              <![CDATA[updated Customer]]>
            </line>
          </reporter-output>
        </test-method> <!-- updateCustomer -->
        <test-method signature="updateCustomer()[pri:3, instance:testng_scripts.UpdateCustomer@757277dc]" started-at="2025-12-11T11:42:26 IST" name="updateCustomer" finished-at="2025-12-11T11:42:34 IST" duration-ms="8484" status="PASS">
          <reporter-output>
            <line>
              <![CDATA[updated Customer]]>
            </line>
          </reporter-output>
        </test-method> <!-- updateCustomer -->
        <test-method signature="updateCustomer()[pri:3, instance:testng_scripts.UpdateCustomer@757277dc]" started-at="2025-12-11T11:42:34 IST" name="updateCustomer" finished-at="2025-12-11T11:42:42 IST" duration-ms="8370" status="PASS">
          <reporter-output>
            <line>
              <![CDATA[updated Customer]]>
            </line>
          </reporter-output>
        </test-method> <!-- updateCustomer -->
        <test-method signature="deleteCustomer()[pri:4, instance:testng_scripts.UpdateCustomer@757277dc]" started-at="2025-12-11T11:42:42 IST" name="deleteCustomer" finished-at="2025-12-11T11:42:51 IST" duration-ms="8523" status="PASS">
          <reporter-output>
            <line>
              <![CDATA[deleted Customer]]>
            </line>
          </reporter-output>
        </test-method> <!-- deleteCustomer -->
      </class> <!-- testng_scripts.UpdateCustomer -->
    </test> <!-- Test 2 -->
    <test started-at="2025-12-11T11:42:00 IST" name="Test 4" finished-at="2025-12-11T11:43:01 IST" duration-ms="60861">
      <class name="testng_scripts.CreateCustomer">
        <test-method signature="addCustomer()[pri:1, instance:testng_scripts.CreateCustomer@ed7f8b4]" started-at="2025-12-11T11:42:00 IST" name="addCustomer" finished-at="2025-12-11T11:42:14 IST" duration-ms="14121" status="PASS">
          <reporter-output>
            <line>
              <![CDATA[added Customer]]>
            </line>
          </reporter-output>
        </test-method> <!-- addCustomer -->
        <test-method signature="createCustomer()[pri:2, instance:testng_scripts.CreateCustomer@ed7f8b4]" started-at="2025-12-11T11:42:14 IST" name="createCustomer" finished-at="2025-12-11T11:42:24 IST" duration-ms="10003" status="PASS">
          <reporter-output>
            <line>
              <![CDATA[created Customer]]>
            </line>
          </reporter-output>
        </test-method> <!-- createCustomer -->
        <test-method signature="updateCustomer()[pri:3, instance:testng_scripts.CreateCustomer@ed7f8b4]" started-at="2025-12-11T11:42:24 IST" name="updateCustomer" finished-at="2025-12-11T11:42:34 IST" duration-ms="9623" status="PASS">
          <reporter-output>
            <line>
              <![CDATA[updated Customer]]>
            </line>
          </reporter-output>
        </test-method> <!-- updateCustomer -->
        <test-method signature="updateCustomer()[pri:3, instance:testng_scripts.CreateCustomer@ed7f8b4]" started-at="2025-12-11T11:42:34 IST" name="updateCustomer" finished-at="2025-12-11T11:42:44 IST" duration-ms="10685" status="PASS">
          <reporter-output>
            <line>
              <![CDATA[updated Customer]]>
            </line>
          </reporter-output>
        </test-method> <!-- updateCustomer -->
        <test-method signature="updateCustomer()[pri:3, instance:testng_scripts.CreateCustomer@ed7f8b4]" started-at="2025-12-11T11:42:44 IST" name="updateCustomer" finished-at="2025-12-11T11:42:53 IST" duration-ms="8367" status="PASS">
          <reporter-output>
            <line>
              <![CDATA[updated Customer]]>
            </line>
          </reporter-output>
        </test-method> <!-- updateCustomer -->
        <test-method signature="deleteCustomer()[pri:4, instance:testng_scripts.CreateCustomer@ed7f8b4]" started-at="2025-12-11T11:42:53 IST" name="deleteCustomer" finished-at="2025-12-11T11:43:01 IST" duration-ms="7955" status="PASS">
          <reporter-output>
            <line>
              <![CDATA[deleted Customer]]>
            </line>
          </reporter-output>
        </test-method> <!-- deleteCustomer -->
      </class> <!-- testng_scripts.CreateCustomer -->
    </test> <!-- Test 4 -->
    <test started-at="2025-12-11T11:42:00 IST" name="Test 3" finished-at="2025-12-11T11:43:01 IST" duration-ms="61211">
      <class name="testng_scripts.DeleteCustomer">
        <test-method signature="addCustomer()[pri:1, instance:testng_scripts.DeleteCustomer@6aaceffd]" started-at="2025-12-11T11:42:00 IST" name="addCustomer" finished-at="2025-12-11T11:42:14 IST" duration-ms="13994" status="PASS">
          <reporter-output>
            <line>
              <![CDATA[added Customer]]>
            </line>
          </reporter-output>
        </test-method> <!-- addCustomer -->
        <test-method signature="createCustomer()[pri:2, instance:testng_scripts.DeleteCustomer@6aaceffd]" started-at="2025-12-11T11:42:14 IST" name="createCustomer" finished-at="2025-12-11T11:42:20 IST" duration-ms="6180" status="PASS">
          <reporter-output>
            <line>
              <![CDATA[created Customer]]>
            </line>
          </reporter-output>
        </test-method> <!-- createCustomer -->
        <test-method signature="updateCustomer()[pri:3, instance:testng_scripts.DeleteCustomer@6aaceffd]" started-at="2025-12-11T11:42:20 IST" name="updateCustomer" finished-at="2025-12-11T11:42:36 IST" duration-ms="15872" status="PASS">
          <reporter-output>
            <line>
              <![CDATA[updated Customer]]>
            </line>
          </reporter-output>
        </test-method> <!-- updateCustomer -->
        <test-method signature="updateCustomer()[pri:3, instance:testng_scripts.DeleteCustomer@6aaceffd]" started-at="2025-12-11T11:42:36 IST" name="updateCustomer" finished-at="2025-12-11T11:42:51 IST" duration-ms="14928" status="PASS">
          <reporter-output>
            <line>
              <![CDATA[updated Customer]]>
            </line>
          </reporter-output>
        </test-method> <!-- updateCustomer -->
        <test-method signature="updateCustomer()[pri:3, instance:testng_scripts.DeleteCustomer@6aaceffd]" started-at="2025-12-11T11:42:51 IST" name="updateCustomer" finished-at="2025-12-11T11:42:56 IST" duration-ms="5378" status="PASS">
          <reporter-output>
            <line>
              <![CDATA[updated Customer]]>
            </line>
          </reporter-output>
        </test-method> <!-- updateCustomer -->
        <test-method signature="deleteCustomer()[pri:4, instance:testng_scripts.DeleteCustomer@6aaceffd]" started-at="2025-12-11T11:42:56 IST" name="deleteCustomer" finished-at="2025-12-11T11:43:01 IST" duration-ms="4750" status="PASS">
          <reporter-output>
            <line>
              <![CDATA[deleted Customer]]>
            </line>
          </reporter-output>
        </test-method> <!-- deleteCustomer -->
      </class> <!-- testng_scripts.DeleteCustomer -->
    </test> <!-- Test 3 -->
    <test started-at="2025-12-11T11:42:00 IST" name="Test 5" finished-at="2025-12-11T11:43:05 IST" duration-ms="64635">
      <class name="testng_scripts.ModifyCustomer">
        <test-method signature="addCustomer()[pri:1, instance:testng_scripts.ModifyCustomer@4e3958e7]" started-at="2025-12-11T11:42:00 IST" name="addCustomer" finished-at="2025-12-11T11:42:10 IST" duration-ms="9827" status="PASS">
          <reporter-output>
            <line>
              <![CDATA[added Customer]]>
            </line>
          </reporter-output>
        </test-method> <!-- addCustomer -->
        <test-method signature="createCustomer()[pri:2, instance:testng_scripts.ModifyCustomer@4e3958e7]" started-at="2025-12-11T11:42:10 IST" name="createCustomer" finished-at="2025-12-11T11:42:17 IST" duration-ms="6892" status="PASS">
          <reporter-output>
            <line>
              <![CDATA[created Customer]]>
            </line>
          </reporter-output>
        </test-method> <!-- createCustomer -->
        <test-method signature="updateCustomer()[pri:3, instance:testng_scripts.ModifyCustomer@4e3958e7]" started-at="2025-12-11T11:42:17 IST" name="updateCustomer" finished-at="2025-12-11T11:42:27 IST" duration-ms="10814" status="PASS">
          <reporter-output>
            <line>
              <![CDATA[updated Customer]]>
            </line>
          </reporter-output>
        </test-method> <!-- updateCustomer -->
        <test-method signature="updateCustomer()[pri:3, instance:testng_scripts.ModifyCustomer@4e3958e7]" started-at="2025-12-11T11:42:28 IST" name="updateCustomer" finished-at="2025-12-11T11:42:42 IST" duration-ms="14346" status="PASS">
          <reporter-output>
            <line>
              <![CDATA[updated Customer]]>
            </line>
          </reporter-output>
        </test-method> <!-- updateCustomer -->
        <test-method signature="updateCustomer()[pri:3, instance:testng_scripts.ModifyCustomer@4e3958e7]" started-at="2025-12-11T11:42:42 IST" name="updateCustomer" finished-at="2025-12-11T11:42:52 IST" duration-ms="9940" status="PASS">
          <reporter-output>
            <line>
              <![CDATA[updated Customer]]>
            </line>
          </reporter-output>
        </test-method> <!-- updateCustomer -->
        <test-method signature="deleteCustomer()[pri:4, instance:testng_scripts.ModifyCustomer@4e3958e7]" started-at="2025-12-11T11:42:52 IST" name="deleteCustomer" finished-at="2025-12-11T11:43:05 IST" duration-ms="12695" status="PASS">
          <reporter-output>
            <line>
              <![CDATA[deleted Customer]]>
            </line>
          </reporter-output>
        </test-method> <!-- deleteCustomer -->
      </class> <!-- testng_scripts.ModifyCustomer -->
    </test> <!-- Test 5 -->
    <test started-at="2025-12-11T11:42:00 IST" name="Test 1" finished-at="2025-12-11T11:43:05 IST" duration-ms="65310">
      <class name="testng_scripts.AddCustomer">
        <test-method signature="addCustomer()[pri:1, instance:testng_scripts.AddCustomer@179ece50]" started-at="2025-12-11T11:42:00 IST" name="addCustomer" finished-at="2025-12-11T11:42:10 IST" duration-ms="9710" status="PASS">
          <reporter-output>
            <line>
              <![CDATA[added Customer]]>
            </line>
          </reporter-output>
        </test-method> <!-- addCustomer -->
        <test-method signature="createCustomer()[pri:2, instance:testng_scripts.AddCustomer@179ece50]" started-at="2025-12-11T11:42:10 IST" name="createCustomer" finished-at="2025-12-11T11:42:17 IST" duration-ms="7391" status="PASS">
          <reporter-output>
            <line>
              <![CDATA[created Customer]]>
            </line>
          </reporter-output>
        </test-method> <!-- createCustomer -->
        <test-method signature="updateCustomer()[pri:3, instance:testng_scripts.AddCustomer@179ece50]" started-at="2025-12-11T11:42:17 IST" name="updateCustomer" finished-at="2025-12-11T11:42:32 IST" duration-ms="14477" status="PASS">
          <reporter-output>
            <line>
              <![CDATA[updated Customer]]>
            </line>
          </reporter-output>
        </test-method> <!-- updateCustomer -->
        <test-method signature="updateCustomer()[pri:3, instance:testng_scripts.AddCustomer@179ece50]" started-at="2025-12-11T11:42:32 IST" name="updateCustomer" finished-at="2025-12-11T11:42:42 IST" duration-ms="10109" status="PASS">
          <reporter-output>
            <line>
              <![CDATA[updated Customer]]>
            </line>
          </reporter-output>
        </test-method> <!-- updateCustomer -->
        <test-method signature="updateCustomer()[pri:3, instance:testng_scripts.AddCustomer@179ece50]" started-at="2025-12-11T11:42:42 IST" name="updateCustomer" finished-at="2025-12-11T11:42:53 IST" duration-ms="11099" status="PASS">
          <reporter-output>
            <line>
              <![CDATA[updated Customer]]>
            </line>
          </reporter-output>
        </test-method> <!-- updateCustomer -->
        <test-method signature="deleteCustomer()[pri:4, instance:testng_scripts.AddCustomer@179ece50]" started-at="2025-12-11T11:42:53 IST" name="deleteCustomer" finished-at="2025-12-11T11:43:05 IST" duration-ms="12407" status="PASS">
          <reporter-output>
            <line>
              <![CDATA[deleted Customer]]>
            </line>
          </reporter-output>
        </test-method> <!-- deleteCustomer -->
      </class> <!-- testng_scripts.AddCustomer -->
    </test> <!-- Test 1 -->
  </suite> <!-- Suite -->
</testng-results>
