<?xml version="1.0" encoding="UTF-8"?>
<testng-results ignored="0" total="1" passed="1" failed="0" skipped="0">
  <reporter-output>
  </reporter-output>
  <suite started-at="2025-12-11T23:58:04 IST" name="Default suite" finished-at="2025-12-11T23:58:16 IST" duration-ms="12257">
    <groups>
    </groups>
    <test started-at="2025-12-11T23:58:04 IST" name="Default test" finished-at="2025-12-11T23:58:16 IST" duration-ms="12257">
      <class name="daily.MytraInterview">
        <test-method signature="mytra()[pri:0, instance:daily.MytraInterview@4b2bac3f]" started-at="2025-12-11T23:58:04 IST" name="mytra" finished-at="2025-12-11T23:58:16 IST" duration-ms="12216" status="PASS">
          <reporter-output>
          </reporter-output>
        </test-method> <!-- mytra -->
      </class> <!-- daily.MytraInterview -->
    </test> <!-- Default test -->
  </suite> <!-- Default suite -->
</testng-results>
