<?xml version="1.0" encoding="UTF-8"?>
<testng-results ignored="0" total="2" passed="2" failed="0" skipped="0">
  <reporter-output>
    <line>
      <![CDATA[database connected successfully]]>
    </line>
    <line>
      <![CDATA[browser launched]]>
    </line>
    <line>
      <![CDATA[logged in]]>
    </line>
    <line>
      <![CDATA[test 2]]>
    </line>
    <line>
      <![CDATA[logged out successfully]]>
    </line>
    <line>
      <![CDATA[logged in]]>
    </line>
    <line>
      <![CDATA[test 1]]>
    </line>
    <line>
      <![CDATA[logged out successfully]]>
    </line>
    <line>
      <![CDATA[browser closed]]>
    </line>
    <line>
      <![CDATA[database disconnected]]>
    </line>
  </reporter-output>
  <suite started-at="2025-12-05T11:23:14 IST" name="Suite" finished-at="2025-12-05T11:23:49 IST" duration-ms="34898">
    <groups>
    </groups>
    <test started-at="2025-12-05T11:23:14 IST" name="Test" finished-at="2025-12-05T11:23:49 IST" duration-ms="34898">
      <class name="testng_scripts.TestScriptForActitime">
        <test-method is-config="true" signature="connectToDatabase()[pri:0, instance:testng_scripts.TestScriptForActitime@158a8276]" started-at="2025-12-05T11:23:14 IST" name="connectToDatabase" finished-at="2025-12-05T11:23:14 IST" duration-ms="13" status="PASS">
          <reporter-output>
            <line>
              <![CDATA[database connected successfully]]>
            </line>
          </reporter-output>
        </test-method> <!-- connectToDatabase -->
        <test-method is-config="true" signature="launchBrowser(java.lang.String)[pri:0, instance:testng_scripts.TestScriptForActitime@158a8276]" started-at="2025-12-05T11:23:14 IST" name="launchBrowser" finished-at="2025-12-05T11:23:28 IST" duration-ms="13426" status="PASS">
          <params>
            <param index="0">
              <value>
                <![CDATA[chrome]]>
              </value>
            </param>
          </params>
          <reporter-output>
            <line>
              <![CDATA[browser launched]]>
            </line>
          </reporter-output>
        </test-method> <!-- launchBrowser -->
        <test-method is-config="true" signature="logInToActitime()[pri:0, instance:testng_scripts.TestScriptForActitime@158a8276]" started-at="2025-12-05T11:23:28 IST" name="logInToActitime" finished-at="2025-12-05T11:23:31 IST" duration-ms="3576" status="PASS">
          <reporter-output>
            <line>
              <![CDATA[logged in]]>
            </line>
          </reporter-output>
        </test-method> <!-- logInToActitime -->
        <test-method signature="addCustomer()[pri:0, instance:testng_scripts.TestScriptForActitime@158a8276]" started-at="2025-12-05T11:23:31 IST" name="addCustomer" finished-at="2025-12-05T11:23:38 IST" duration-ms="6627" status="PASS">
          <reporter-output>
            <line>
              <![CDATA[test 2]]>
            </line>
          </reporter-output>
        </test-method> <!-- addCustomer -->
        <test-method is-config="true" signature="logout()[pri:0, instance:testng_scripts.TestScriptForActitime@158a8276]" started-at="2025-12-05T11:23:38 IST" name="logout" finished-at="2025-12-05T11:23:39 IST" duration-ms="1433" status="PASS">
          <reporter-output>
            <line>
              <![CDATA[logged out successfully]]>
            </line>
          </reporter-output>
        </test-method> <!-- logout -->
        <test-method is-config="true" signature="logInToActitime()[pri:0, instance:testng_scripts.TestScriptForActitime@158a8276]" started-at="2025-12-05T11:23:39 IST" name="logInToActitime" finished-at="2025-12-05T11:23:43 IST" duration-ms="3460" status="PASS">
          <reporter-output>
            <line>
              <![CDATA[logged in]]>
            </line>
          </reporter-output>
        </test-method> <!-- logInToActitime -->
        <test-method signature="createCustomer()[pri:0, instance:testng_scripts.TestScriptForActitime@158a8276]" started-at="2025-12-05T11:23:43 IST" name="createCustomer" finished-at="2025-12-05T11:23:45 IST" duration-ms="2292" status="PASS">
          <reporter-output>
            <line>
              <![CDATA[test 1]]>
            </line>
          </reporter-output>
        </test-method> <!-- createCustomer -->
        <test-method is-config="true" signature="logout()[pri:0, instance:testng_scripts.TestScriptForActitime@158a8276]" started-at="2025-12-05T11:23:45 IST" name="logout" finished-at="2025-12-05T11:23:48 IST" duration-ms="3505" status="PASS">
          <reporter-output>
            <line>
              <![CDATA[logged out successfully]]>
            </line>
          </reporter-output>
        </test-method> <!-- logout -->
        <test-method is-config="true" signature="closeBrowser()[pri:0, instance:testng_scripts.TestScriptForActitime@158a8276]" started-at="2025-12-05T11:23:49 IST" name="closeBrowser" finished-at="2025-12-05T11:23:49 IST" duration-ms="473" status="PASS">
          <reporter-output>
            <line>
              <![CDATA[browser closed]]>
            </line>
          </reporter-output>
        </test-method> <!-- closeBrowser -->
        <test-method is-config="true" signature="disconnectFromDatabase()[pri:0, instance:testng_scripts.TestScriptForActitime@158a8276]" started-at="2025-12-05T11:23:49 IST" name="disconnectFromDatabase" finished-at="2025-12-05T11:23:49 IST" duration-ms="2" status="PASS">
          <reporter-output>
            <line>
              <![CDATA[database disconnected]]>
            </line>
          </reporter-output>
        </test-method> <!-- disconnectFromDatabase -->
      </class> <!-- testng_scripts.TestScriptForActitime -->
    </test> <!-- Test -->
  </suite> <!-- Suite -->
</testng-results>
