<?xml version="1.0" encoding="UTF-8"?>
<testng-results ignored="0" total="2" passed="1" failed="1" skipped="0">
  <reporter-output>
    <line>
      <![CDATA[database connected successfully]]>
    </line>
    <line>
      <![CDATA[test execution started]]>
    </line>
    <line>
      <![CDATA[browser launched]]>
    </line>
    <line>
      <![CDATA[logged in]]>
    </line>
    <line>
      <![CDATA[test started]]>
    </line>
    <line>
      <![CDATA[test 2]]>
    </line>
    <line>
      <![CDATA[logged out successfully]]>
    </line>
    <line>
      <![CDATA[logged in]]>
    </line>
    <line>
      <![CDATA[test started]]>
    </line>
    <line>
      <![CDATA[logged out successfully]]>
    </line>
    <line>
      <![CDATA[browser closed]]>
    </line>
    <line>
      <![CDATA[test completed]]>
    </line>
    <line>
      <![CDATA[database disconnected]]>
    </line>
  </reporter-output>
  <suite started-at="2025-12-08T11:47:55 IST" name="Default suite" finished-at="2025-12-08T11:48:24 IST" duration-ms="28930">
    <groups>
    </groups>
    <test started-at="2025-12-08T11:47:55 IST" name="Default test" finished-at="2025-12-08T11:48:24 IST" duration-ms="28930">
      <class name="listenersQ.TestScriptForActitime">
        <test-method is-config="true" signature="connectToDatabase()[pri:0, instance:listenersQ.TestScriptForActitime@4c39bec8]" started-at="2025-12-08T11:47:55 IST" name="connectToDatabase" finished-at="2025-12-08T11:47:55 IST" duration-ms="16" status="PASS">
          <reporter-output>
            <line>
              <![CDATA[database connected successfully]]>
            </line>
          </reporter-output>
        </test-method> <!-- connectToDatabase -->
        <test-method is-config="true" signature="launchBrowser(java.lang.String)[pri:0, instance:listenersQ.TestScriptForActitime@4c39bec8]" started-at="2025-12-08T11:47:55 IST" name="launchBrowser" finished-at="2025-12-08T11:48:02 IST" duration-ms="6939" status="PASS">
          <params>
            <param index="0">
              <value>
                <![CDATA[chrome]]>
              </value>
            </param>
          </params>
          <reporter-output>
            <line>
              <![CDATA[browser launched]]>
            </line>
          </reporter-output>
        </test-method> <!-- launchBrowser -->
        <test-method is-config="true" signature="logInToActitime()[pri:0, instance:listenersQ.TestScriptForActitime@4c39bec8]" started-at="2025-12-08T11:48:02 IST" name="logInToActitime" finished-at="2025-12-08T11:48:05 IST" duration-ms="3475" status="PASS">
          <reporter-output>
            <line>
              <![CDATA[logged in]]>
            </line>
          </reporter-output>
        </test-method> <!-- logInToActitime -->
        <test-method signature="addCustomer()[pri:0, instance:listenersQ.TestScriptForActitime@4c39bec8]" started-at="2025-12-08T11:48:05 IST" name="addCustomer" finished-at="2025-12-08T11:48:10 IST" duration-ms="4623" status="PASS">
          <reporter-output>
            <line>
              <![CDATA[test started]]>
            </line>
            <line>
              <![CDATA[test 2]]>
            </line>
          </reporter-output>
        </test-method> <!-- addCustomer -->
        <test-method is-config="true" signature="logout()[pri:0, instance:listenersQ.TestScriptForActitime@4c39bec8]" started-at="2025-12-08T11:48:10 IST" name="logout" finished-at="2025-12-08T11:48:11 IST" duration-ms="1336" status="PASS">
          <reporter-output>
            <line>
              <![CDATA[logged out successfully]]>
            </line>
          </reporter-output>
        </test-method> <!-- logout -->
        <test-method is-config="true" signature="logInToActitime()[pri:0, instance:listenersQ.TestScriptForActitime@4c39bec8]" started-at="2025-12-08T11:48:11 IST" name="logInToActitime" finished-at="2025-12-08T11:48:15 IST" duration-ms="3439" status="PASS">
          <reporter-output>
            <line>
              <![CDATA[logged in]]>
            </line>
          </reporter-output>
        </test-method> <!-- logInToActitime -->
        <test-method signature="createCustomer()[pri:0, instance:listenersQ.TestScriptForActitime@4c39bec8]" started-at="2025-12-08T11:48:15 IST" name="createCustomer" finished-at="2025-12-08T11:48:20 IST" duration-ms="5036" status="FAIL">
          <exception class="org.openqa.selenium.NoSuchElementException">
            <message>
              <![CDATA[no such element: Unable to locate element: {"method":"xpath","selector":"//span[text()='Taks']"}
  (Session info: chrome=142.0.7444.176)
For documentation on this error, please visit: https://www.selenium.dev/documentation/webdriver/troubleshooting/errors#no-such-element-exception
Build info: version: '4.34.0', revision: '707dcb4246*'
System info: os.name: 'Windows 11', os.arch: 'amd64', os.version: '10.0', java.version: '23'
Driver info: org.openqa.selenium.chrome.ChromeDriver
Command: [f123b3eff816c0d3d451ae2e64fd48b5, findElement {value=//span[text()='Taks'], using=xpath}]
Capabilities {acceptInsecureCerts: false, browserName: chrome, browserVersion: 142.0.7444.176, chrome: {chromedriverVersion: 142.0.7444.175 (302067f14a4..., userDataDir: C:\Users\91707\AppData\Loca...}, fedcm:accounts: true, goog:chromeOptions: {debuggerAddress: localhost:49347}, goog:processID: 304, networkConnectionEnabled: false, pageLoadStrategy: normal, platformName: windows, proxy: Proxy(), se:cdp: ws://localhost:49347/devtoo..., se:cdpVersion: 142.0.7444.176, setWindowRect: true, strictFileInteractability: false, timeouts: {implicit: 0, pageLoad: 300000, script: 30000}, unhandledPromptBehavior: dismiss and notify, webauthn:extension:credBlob: true, webauthn:extension:largeBlob: true, webauthn:extension:minPinLength: true, webauthn:extension:prf: true, webauthn:virtualAuthenticators: true}
Session ID: f123b3eff816c0d3d451ae2e64fd48b5]]>
            </message>
            <full-stacktrace>
              <![CDATA[org.openqa.selenium.NoSuchElementException: no such element: Unable to locate element: {"method":"xpath","selector":"//span[text()='Taks']"}
  (Session info: chrome=142.0.7444.176)
For documentation on this error, please visit: https://www.selenium.dev/documentation/webdriver/troubleshooting/errors#no-such-element-exception
Build info: version: '4.34.0', revision: '707dcb4246*'
System info: os.name: 'Windows 11', os.arch: 'amd64', os.version: '10.0', java.version: '23'
Driver info: org.openqa.selenium.chrome.ChromeDriver
Command: [f123b3eff816c0d3d451ae2e64fd48b5, findElement {value=//span[text()='Taks'], using=xpath}]
Capabilities {acceptInsecureCerts: false, browserName: chrome, browserVersion: 142.0.7444.176, chrome: {chromedriverVersion: 142.0.7444.175 (302067f14a4..., userDataDir: C:\Users\91707\AppData\Loca...}, fedcm:accounts: true, goog:chromeOptions: {debuggerAddress: localhost:49347}, goog:processID: 304, networkConnectionEnabled: false, pageLoadStrategy: normal, platformName: windows, proxy: Proxy(), se:cdp: ws://localhost:49347/devtoo..., se:cdpVersion: 142.0.7444.176, setWindowRect: true, strictFileInteractability: false, timeouts: {implicit: 0, pageLoad: 300000, script: 30000}, unhandledPromptBehavior: dismiss and notify, webauthn:extension:credBlob: true, webauthn:extension:largeBlob: true, webauthn:extension:minPinLength: true, webauthn:extension:prf: true, webauthn:virtualAuthenticators: true}
Session ID: f123b3eff816c0d3d451ae2e64fd48b5
at java.base/jdk.internal.reflect.DirectConstructorHandleAccessor.newInstance(DirectConstructorHandleAccessor.java:62)
at java.base/java.lang.reflect.Constructor.newInstanceWithCaller(Constructor.java:501)
at java.base/java.lang.reflect.Constructor.newInstance(Constructor.java:485)
at org.openqa.selenium.remote.ErrorCodec.decode(ErrorCodec.java:167)
at org.openqa.selenium.remote.codec.w3c.W3CHttpResponseCodec.decode(W3CHttpResponseCodec.java:138)
at org.openqa.selenium.remote.codec.w3c.W3CHttpResponseCodec.decode(W3CHttpResponseCodec.java:50)
at org.openqa.selenium.remote.HttpCommandExecutor.execute(HttpCommandExecutor.java:215)
at org.openqa.selenium.remote.service.DriverCommandExecutor.invokeExecute(DriverCommandExecutor.java:216)
at org.openqa.selenium.remote.service.DriverCommandExecutor.execute(DriverCommandExecutor.java:174)
at org.openqa.selenium.remote.RemoteWebDriver.execute(RemoteWebDriver.java:544)
at org.openqa.selenium.remote.ElementLocation$ElementFinder$2.findElement(ElementLocation.java:165)
at org.openqa.selenium.remote.ElementLocation.findElement(ElementLocation.java:59)
at org.openqa.selenium.remote.RemoteWebDriver.findElement(RemoteWebDriver.java:367)
at org.openqa.selenium.remote.RemoteWebDriver.findElement(RemoteWebDriver.java:361)
at listenersQ.TestScriptForActitime.createCustomer(TestScriptForActitime.java:13)
at java.base/jdk.internal.reflect.DirectMethodHandleAccessor.invoke(DirectMethodHandleAccessor.java:103)
at java.base/java.lang.reflect.Method.invoke(Method.java:580)
at org.testng.internal.invokers.MethodInvocationHelper.invokeMethod(MethodInvocationHelper.java:141)
at org.testng.internal.invokers.TestInvoker.invokeMethod(TestInvoker.java:686)
at org.testng.internal.invokers.TestInvoker.invokeTestMethod(TestInvoker.java:230)
at org.testng.internal.invokers.MethodRunner.runInSequence(MethodRunner.java:63)
at org.testng.internal.invokers.TestInvoker$MethodInvocationAgent.invoke(TestInvoker.java:992)
at org.testng.internal.invokers.TestInvoker.invokeTestMethods(TestInvoker.java:203)
at org.testng.internal.invokers.TestMethodWorker.invokeTestMethods(TestMethodWorker.java:154)
at org.testng.internal.invokers.TestMethodWorker.run(TestMethodWorker.java:134)
at java.base/java.util.ArrayList.forEach(ArrayList.java:1597)
at org.testng.TestRunner.privateRun(TestRunner.java:739)
at org.testng.TestRunner.run(TestRunner.java:614)
at org.testng.SuiteRunner.runTest(SuiteRunner.java:421)
at org.testng.SuiteRunner.runSequentially(SuiteRunner.java:413)
at org.testng.SuiteRunner.privateRun(SuiteRunner.java:373)
at org.testng.SuiteRunner.run(SuiteRunner.java:312)
at org.testng.SuiteRunnerWorker.runSuite(SuiteRunnerWorker.java:52)
at org.testng.SuiteRunnerWorker.run(SuiteRunnerWorker.java:95)
at org.testng.TestNG.runSuitesSequentially(TestNG.java:1274)
at org.testng.TestNG.runSuitesLocally(TestNG.java:1208)
at org.testng.TestNG.runSuites(TestNG.java:1112)
at org.testng.TestNG.run(TestNG.java:1079)
at org.testng.remote.AbstractRemoteTestNG.run(AbstractRemoteTestNG.java:115)
at org.testng.remote.RemoteTestNG.initAndRun(RemoteTestNG.java:293)
at org.testng.remote.RemoteTestNG.main(RemoteTestNG.java:91)
]]>
            </full-stacktrace>
          </exception> <!-- org.openqa.selenium.NoSuchElementException -->
          <reporter-output>
            <line>
              <![CDATA[test started]]>
            </line>
          </reporter-output>
        </test-method> <!-- createCustomer -->
        <test-method is-config="true" signature="logout()[pri:0, instance:listenersQ.TestScriptForActitime@4c39bec8]" started-at="2025-12-08T11:48:20 IST" name="logout" finished-at="2025-12-08T11:48:22 IST" duration-ms="1708" status="PASS">
          <reporter-output>
            <line>
              <![CDATA[logged out successfully]]>
            </line>
          </reporter-output>
        </test-method> <!-- logout -->
        <test-method is-config="true" signature="closeBrowser()[pri:0, instance:listenersQ.TestScriptForActitime@4c39bec8]" started-at="2025-12-08T11:48:22 IST" name="closeBrowser" finished-at="2025-12-08T11:48:24 IST" duration-ms="2032" status="PASS">
          <reporter-output>
            <line>
              <![CDATA[browser closed]]>
            </line>
          </reporter-output>
        </test-method> <!-- closeBrowser -->
        <test-method is-config="true" signature="disconnectFromDatabase()[pri:0, instance:listenersQ.TestScriptForActitime@4c39bec8]" started-at="2025-12-08T11:48:24 IST" name="disconnectFromDatabase" finished-at="2025-12-08T11:48:24 IST" duration-ms="2" status="PASS">
          <reporter-output>
            <line>
              <![CDATA[database disconnected]]>
            </line>
          </reporter-output>
        </test-method> <!-- disconnectFromDatabase -->
      </class> <!-- listenersQ.TestScriptForActitime -->
    </test> <!-- Default test -->
  </suite> <!-- Default suite -->
</testng-results>
