<?xml version="1.0" encoding="UTF-8"?>
<testng-results ignored="0" total="3" passed="3" failed="0" skipped="0">
  <reporter-output>
    <line>
      <![CDATA[database connected...]]>
    </line>
    <line>
      <![CDATA[browser launched.....]]>
    </line>
    <line>
      <![CDATA[logged in...]]>
    </line>
    <line>
      <![CDATA[added customer....]]>
    </line>
    <line>
      <![CDATA[logged out]]>
    </line>
    <line>
      <![CDATA[logged in...]]>
    </line>
    <line>
      <![CDATA[customer created...]]>
    </line>
    <line>
      <![CDATA[logged out]]>
    </line>
    <line>
      <![CDATA[logged in...]]>
    </line>
    <line>
      <![CDATA[deleted customer]]>
    </line>
    <line>
      <![CDATA[logged out]]>
    </line>
    <line>
      <![CDATA[closed browser]]>
    </line>
    <line>
      <![CDATA[disconnected from database]]>
    </line>
  </reporter-output>
  <suite started-at="2025-12-02T11:08:23 IST" name="Default suite" finished-at="2025-12-02T11:08:23 IST" duration-ms="91">
    <groups>
    </groups>
    <test started-at="2025-12-02T11:08:23 IST" name="Default test" finished-at="2025-12-02T11:08:23 IST" duration-ms="91">
      <class name="testng_scripts.Annotation">
        <test-method is-config="true" signature="connectToDatabase()[pri:0, instance:testng_scripts.Annotation@fa4c865]" started-at="2025-12-02T11:08:23 IST" name="connectToDatabase" finished-at="2025-12-02T11:08:23 IST" duration-ms="18" status="PASS">
          <reporter-output>
            <line>
              <![CDATA[database connected...]]>
            </line>
          </reporter-output>
        </test-method> <!-- connectToDatabase -->
        <test-method is-config="true" signature="launchBrowser()[pri:0, instance:testng_scripts.Annotation@fa4c865]" started-at="2025-12-02T11:08:23 IST" name="launchBrowser" finished-at="2025-12-02T11:08:23 IST" duration-ms="1" status="PASS">
          <reporter-output>
            <line>
              <![CDATA[browser launched.....]]>
            </line>
          </reporter-output>
        </test-method> <!-- launchBrowser -->
        <test-method is-config="true" signature="logIn()[pri:0, instance:testng_scripts.Annotation@fa4c865]" started-at="2025-12-02T11:08:23 IST" name="logIn" finished-at="2025-12-02T11:08:23 IST" duration-ms="3" status="PASS">
          <reporter-output>
            <line>
              <![CDATA[logged in...]]>
            </line>
          </reporter-output>
        </test-method> <!-- logIn -->
        <test-method signature="addCustomer()[pri:0, instance:testng_scripts.Annotation@fa4c865]" started-at="2025-12-02T11:08:23 IST" name="addCustomer" finished-at="2025-12-02T11:08:23 IST" duration-ms="12" status="PASS">
          <reporter-output>
            <line>
              <![CDATA[added customer....]]>
            </line>
          </reporter-output>
        </test-method> <!-- addCustomer -->
        <test-method is-config="true" signature="logOut()[pri:0, instance:testng_scripts.Annotation@fa4c865]" started-at="2025-12-02T11:08:23 IST" name="logOut" finished-at="2025-12-02T11:08:23 IST" duration-ms="1" status="PASS">
          <reporter-output>
            <line>
              <![CDATA[logged out]]>
            </line>
          </reporter-output>
        </test-method> <!-- logOut -->
        <test-method is-config="true" signature="logIn()[pri:0, instance:testng_scripts.Annotation@fa4c865]" started-at="2025-12-02T11:08:23 IST" name="logIn" finished-at="2025-12-02T11:08:23 IST" duration-ms="0" status="PASS">
          <reporter-output>
            <line>
              <![CDATA[logged in...]]>
            </line>
          </reporter-output>
        </test-method> <!-- logIn -->
        <test-method signature="createCustomer()[pri:0, instance:testng_scripts.Annotation@fa4c865]" started-at="2025-12-02T11:08:23 IST" name="createCustomer" finished-at="2025-12-02T11:08:23 IST" duration-ms="1" status="PASS">
          <reporter-output>
            <line>
              <![CDATA[customer created...]]>
            </line>
          </reporter-output>
        </test-method> <!-- createCustomer -->
        <test-method is-config="true" signature="logOut()[pri:0, instance:testng_scripts.Annotation@fa4c865]" started-at="2025-12-02T11:08:23 IST" name="logOut" finished-at="2025-12-02T11:08:23 IST" duration-ms="0" status="PASS">
          <reporter-output>
            <line>
              <![CDATA[logged out]]>
            </line>
          </reporter-output>
        </test-method> <!-- logOut -->
        <test-method is-config="true" signature="logIn()[pri:0, instance:testng_scripts.Annotation@fa4c865]" started-at="2025-12-02T11:08:23 IST" name="logIn" finished-at="2025-12-02T11:08:23 IST" duration-ms="1" status="PASS">
          <reporter-output>
            <line>
              <![CDATA[logged in...]]>
            </line>
          </reporter-output>
        </test-method> <!-- logIn -->
        <test-method signature="deleteCustomer()[pri:0, instance:testng_scripts.Annotation@fa4c865]" started-at="2025-12-02T11:08:23 IST" name="deleteCustomer" finished-at="2025-12-02T11:08:23 IST" duration-ms="2" status="PASS">
          <reporter-output>
            <line>
              <![CDATA[deleted customer]]>
            </line>
          </reporter-output>
        </test-method> <!-- deleteCustomer -->
        <test-method is-config="true" signature="logOut()[pri:0, instance:testng_scripts.Annotation@fa4c865]" started-at="2025-12-02T11:08:23 IST" name="logOut" finished-at="2025-12-02T11:08:23 IST" duration-ms="0" status="PASS">
          <reporter-output>
            <line>
              <![CDATA[logged out]]>
            </line>
          </reporter-output>
        </test-method> <!-- logOut -->
        <test-method is-config="true" signature="closeBrowser()[pri:0, instance:testng_scripts.Annotation@fa4c865]" started-at="2025-12-02T11:08:23 IST" name="closeBrowser" finished-at="2025-12-02T11:08:23 IST" duration-ms="0" status="PASS">
          <reporter-output>
            <line>
              <![CDATA[closed browser]]>
            </line>
          </reporter-output>
        </test-method> <!-- closeBrowser -->
        <test-method is-config="true" signature="disconnectFromDatabase()[pri:0, instance:testng_scripts.Annotation@fa4c865]" started-at="2025-12-02T11:08:23 IST" name="disconnectFromDatabase" finished-at="2025-12-02T11:08:23 IST" duration-ms="2" status="PASS">
          <reporter-output>
            <line>
              <![CDATA[disconnected from database]]>
            </line>
          </reporter-output>
        </test-method> <!-- disconnectFromDatabase -->
      </class> <!-- testng_scripts.Annotation -->
    </test> <!-- Default test -->
  </suite> <!-- Default suite -->
</testng-results>
