<?xml version="1.0" encoding="UTF-8"?>
<!-- Generated by org.testng.reporters.JUnitReportReporter -->
<testsuite hostname="DEEPAK" failures="0" tests="3" name="testng_scripts.Annotation" time="0.020" errors="0" timestamp="2025-12-02T11:08:23 IST" skipped="0">
  <testcase classname="testng_scripts.Annotation" name="createCustomer" time="0.002">
    <system-out>
      <![CDATA[customer created...]]>
    </system-out>
  </testcase> <!-- createCustomer -->
  <testcase classname="testng_scripts.Annotation" name="addCustomer" time="0.013">
    <system-out>
      <![CDATA[added customer....]]>
    </system-out>
  </testcase> <!-- addCustomer -->
  <testcase classname="testng_scripts.Annotation" name="deleteCustomer" time="0.005">
    <system-out>
      <![CDATA[deleted customer]]>
    </system-out>
  </testcase> <!-- deleteCustomer -->
  <system-out>
    <![CDATA[database connected...
browser launched.....
logged in...
added customer....
logged out
logged in...
customer created...
logged out
logged in...
deleted customer
logged out
closed browser
disconnected from database]]>
  </system-out>
</testsuite> <!-- testng_scripts.Annotation -->
