<?xml version="1.0" encoding="UTF-8"?>
<!-- Generated by org.testng.reporters.JUnitReportReporter -->
<testsuite hostname="DEEPAK" failures="0" tests="6" name="DataProvider.DataProviderUtil" time="0.021" errors="0" timestamp="2025-12-28T12:18:18 IST" skipped="0">
  <testcase classname="DataProvider.DataProviderUtil" name="customerdata" time="0.001"/>
  <testcase classname="DataProvider.DataProviderUtil" name="customerdata" time="0.012"/>
  <testcase classname="DataProvider.DataProviderUtil" name="customerdata" time="0.002"/>
  <testcase classname="DataProvider.DataProviderUtil" name="customerdata" time="0.002"/>
  <testcase classname="DataProvider.DataProviderUtil" name="customerdata" time="0.002"/>
  <testcase classname="DataProvider.DataProviderUtil" name="customerdata" time="0.002"/>
</testsuite> <!-- DataProvider.DataProviderUtil -->
