<?xml version="1.0" encoding="UTF-8"?>
<!-- Generated by org.testng.reporters.JUnitReportReporter -->
<testsuite hostname="DEEPAK" failures="0" tests="2" name="testng_scripts.UpdateCustomer" time="0.006" errors="0" timestamp="2025-12-01T11:14:11 IST" skipped="0">
  <testcase classname="testng_scripts.UpdateCustomer" name="addCustomer" time="0.003">
    <system-out>
      <![CDATA[added Customer]]>
    </system-out>
  </testcase> <!-- addCustomer -->
  <testcase classname="testng_scripts.UpdateCustomer" name="createCustomer" time="0.003">
    <system-out>
      <![CDATA[created Customer]]>
    </system-out>
  </testcase> <!-- createCustomer -->
  <system-out>
    <![CDATA[added Customer
created Customer
added Customer
created Customer
added Customer
created Customer
added Customer
created Customer]]>
  </system-out>
</testsuite> <!-- testng_scripts.UpdateCustomer -->
