<?xml version="1.0" encoding="UTF-8"?>
<!-- Generated by org.testng.reporters.JUnitReportReporter -->
<testsuite hostname="DEEPAK" failures="0" tests="1" name="testng_scripts.CreateCustomer" time="0.013" errors="0" timestamp="2025-11-29T09:28:23 IST" skipped="0">
  <testcase classname="testng_scripts.CreateCustomer" name="createCustomer" time="0.013">
    <system-out>
      <![CDATA[reporter...
reporter...
reporter...]]>
    </system-out>
  </testcase> <!-- createCustomer -->
  <system-out>
    <![CDATA[reporter...
reporter...
reporter...]]>
  </system-out>
</testsuite> <!-- testng_scripts.CreateCustomer -->
