<?xml version="1.0" encoding="UTF-8"?>
<!-- Generated by org.testng.reporters.JUnitReportReporter -->
<testsuite hostname="DEEPAK" failures="0" tests="2" name="testng_scripts.TestScriptForActitime" time="22.979" errors="0" timestamp="2025-12-05T10:51:32 IST" skipped="0">
  <testcase classname="testng_scripts.TestScriptForActitime" name="addCustomer" time="15.777">
    <system-out>
      <![CDATA[test 2]]>
    </system-out>
  </testcase> <!-- addCustomer -->
  <testcase classname="testng_scripts.TestScriptForActitime" name="createCustomer" time="7.202">
    <system-out>
      <![CDATA[test 1]]>
    </system-out>
  </testcase> <!-- createCustomer -->
  <system-out>
    <![CDATA[database connected successfully
browser launched
logged in
test 2
logged out successfully
logged in
test 1
logged out successfully
browser closed
database disconnected]]>
  </system-out>
</testsuite> <!-- testng_scripts.TestScriptForActitime -->
