<?xml version="1.0" encoding="UTF-8"?>
<!-- Generated by org.testng.reporters.JUnitReportReporter -->
<testsuite hostname="DEEPAK" failures="0" tests="6" name="testng_scripts.ModifyCustomer" time="61.391" errors="0" timestamp="2025-12-11T19:03:09 IST" skipped="0">
  <testcase classname="testng_scripts.ModifyCustomer" name="addCustomer" time="10.212">
    <system-out>
      <![CDATA[added Customer]]>
    </system-out>
  </testcase> <!-- addCustomer -->
  <testcase classname="testng_scripts.ModifyCustomer" name="createCustomer" time="7.240">
    <system-out>
      <![CDATA[created Customer]]>
    </system-out>
  </testcase> <!-- createCustomer -->
  <testcase classname="testng_scripts.ModifyCustomer" name="updateCustomer" time="11.653">
    <system-out>
      <![CDATA[updated Customer]]>
    </system-out>
  </testcase> <!-- updateCustomer -->
  <testcase classname="testng_scripts.ModifyCustomer" name="updateCustomer" time="11.942">
    <system-out>
      <![CDATA[updated Customer]]>
    </system-out>
  </testcase> <!-- updateCustomer -->
  <testcase classname="testng_scripts.ModifyCustomer" name="updateCustomer" time="9.140">
    <system-out>
      <![CDATA[updated Customer]]>
    </system-out>
  </testcase> <!-- updateCustomer -->
  <testcase classname="testng_scripts.ModifyCustomer" name="deleteCustomer" time="11.204">
    <system-out>
      <![CDATA[deleted Customer]]>
    </system-out>
  </testcase> <!-- deleteCustomer -->
  <system-out>
    <![CDATA[added Customer
added Customer
added Customer
added Customer
added Customer
created Customer
created Customer
created Customer
created Customer
created Customer
updated Customer
updated Customer
updated Customer
updated Customer
updated Customer
updated Customer
updated Customer
updated Customer
updated Customer
updated Customer
updated Customer
updated Customer
updated Customer
updated Customer
updated Customer
deleted Customer
deleted Customer
deleted Customer
deleted Customer
deleted Customer]]>
  </system-out>
</testsuite> <!-- testng_scripts.ModifyCustomer -->
