<?xml version="1.0" encoding="UTF-8"?>
<!-- Generated by org.testng.reporters.JUnitReportReporter -->
<testsuite hostname="DEEPAK" failures="0" tests="6" name="testng_scripts.DeleteCustomer" time="0.011" errors="0" timestamp="2025-11-29T11:40:18 IST" skipped="0">
  <testcase classname="testng_scripts.DeleteCustomer" name="addCustomer" time="0.002">
    <system-out>
      <![CDATA[added Customer]]>
    </system-out>
  </testcase> <!-- addCustomer -->
  <testcase classname="testng_scripts.DeleteCustomer" name="createCustomer" time="0.002">
    <system-out>
      <![CDATA[created Customer]]>
    </system-out>
  </testcase> <!-- createCustomer -->
  <testcase classname="testng_scripts.DeleteCustomer" name="updateCustomer" time="0.001">
    <system-out>
      <![CDATA[updated Customer]]>
    </system-out>
  </testcase> <!-- updateCustomer -->
  <testcase classname="testng_scripts.DeleteCustomer" name="updateCustomer" time="0.002">
    <system-out>
      <![CDATA[updated Customer]]>
    </system-out>
  </testcase> <!-- updateCustomer -->
  <testcase classname="testng_scripts.DeleteCustomer" name="updateCustomer" time="0.002">
    <system-out>
      <![CDATA[updated Customer]]>
    </system-out>
  </testcase> <!-- updateCustomer -->
  <testcase classname="testng_scripts.DeleteCustomer" name="deleteCustomer" time="0.002">
    <system-out>
      <![CDATA[deleted Customer]]>
    </system-out>
  </testcase> <!-- deleteCustomer -->
  <system-out>
    <![CDATA[added Customer
updated Customer
updated Customer
updated Customer
deleted Customer
created Customer
added Customer
updated Customer
updated Customer
updated Customer
deleted Customer
created Customer
added Customer
updated Customer
updated Customer
updated Customer
deleted Customer
created Customer
added Customer
updated Customer
updated Customer
updated Customer
deleted Customer
created Customer]]>
  </system-out>
</testsuite> <!-- testng_scripts.DeleteCustomer -->
