<?xml version="1.0" encoding="UTF-8"?>
<!-- Generated by org.testng.reporters.JUnitReportReporter -->
<testsuite hostname="DEEPAK" failures="0" tests="2" name="testng_scripts.UpdateCustomer" time="0.008" errors="0" timestamp="2025-12-01T19:23:39 IST" skipped="0">
  <testcase classname="testng_scripts.UpdateCustomer" name="addCustomer" time="0.006">
    <system-out>
      <![CDATA[added Customer]]>
    </system-out>
  </testcase> <!-- addCustomer -->
  <testcase classname="testng_scripts.UpdateCustomer" name="deleteCustomer" time="0.002">
    <system-out>
      <![CDATA[deleted Customer]]>
    </system-out>
  </testcase> <!-- deleteCustomer -->
  <system-out>
    <![CDATA[added Customer
deleted Customer
added Customer
deleted Customer
added Customer
deleted Customer
added Customer
deleted Customer]]>
  </system-out>
</testsuite> <!-- testng_scripts.UpdateCustomer -->
